<?xml version="1.0" encoding="UTF-8"?>
<testsuite xmlns:xsi="http://www.w3.org/2001/XMLSchema-instance" xsi:noNamespaceSchemaLocation="https://maven.apache.org/surefire/maven-surefire-plugin/xsd/surefire-test-report-3.0.xsd" version="3.0" name="com.weikai.SpringbootSsm03LoginV3OriginApplicationTests" time="5.432" tests="1" errors="0" skipped="0" failures="0">
  <properties>
[...]
</properties>
  <testcase name="contextLoads" classname="com.weikai.SpringbootSsm03LoginV3OriginApplicationTests" time="1.418">
    <system-out><![CDATA[12:49:38.305 [main] INFO org.springframework.test.context.support.AnnotationConfigContextLoaderUtils -- Could not detect default configuration classes for test class [com.weikai.SpringbootSsm03LoginV3OriginApplicationTests]: SpringbootSsm03LoginV3OriginApplicationTests does not declare any static, non-private, non-final, nested classes annotated with @Configuration.
12:49:38.444 [main] INFO org.springframework.boot.test.context.SpringBootTestContextBootstrapper -- Found @SpringBootConfiguration com.weikai.LoginV3OriginApplication for test class com.weikai.SpringbootSsm03LoginV3OriginApplicationTests

  .   ____          _            __ _ _
 /\\ / ___'_ __ _ _(_)_ __  __ _ \ \ \ \
( ( )\___ | '_ | '_| | '_ \/ _` | \ \ \ \
 \\/  ___)| |_)| | | | | || (_| |  ) ) ) )
  '  |____| .__|_| |_|_| |_\__, | / / / /
 =========|_|==============|___/=/_/_/_/
 :: Spring Boot ::                (v3.2.1)

2023-12-28T12:49:39.124+08:00  INFO 18660 --- [           main] ngbootSsm03LoginV3OriginApplicationTests : Starting SpringbootSsm03LoginV3OriginApplicationTests using Java 17.0.9 with PID 18660 (started by 28927 in D:\编程文件\Springboot2王鹤\springboot2.github.io\code\springboot-ssm03-login-v3-origin)
2023-12-28T12:49:39.127+08:00  INFO 18660 --- [           main] ngbootSsm03LoginV3OriginApplicationTests : The following 1 profile is active: "loginV2"
Logging initialized using 'class org.apache.ibatis.logging.stdout.StdOutImpl' adapter.
2023-12-28T12:49:41.450+08:00  INFO 18660 --- [           main] o.s.b.a.w.s.WelcomePageHandlerMapping    : Adding welcome page: class path resource [static/index.html]
2023-12-28T12:49:42.044+08:00  INFO 18660 --- [           main] ngbootSsm03LoginV3OriginApplicationTests : Started SpringbootSsm03LoginV3OriginApplicationTests in 3.396 seconds (process running for 4.63)
]]></system-out>
  </testcase>
</testsuite>