<?xml version="1.0" encoding="UTF-8"?>
<testsuite xmlns:xsi="http://www.w3.org/2001/XMLSchema-instance" xsi:noNamespaceSchemaLocation="https://maven.apache.org/surefire/maven-surefire-plugin/xsd/surefire-test-report-3.0.xsd" version="3.0" name="com.weikai.SpringbootSsm03LoginApplicationTests" time="5.731" tests="1" errors="0" skipped="0" failures="0">
  <properties>
[...]
</properties>
  <testcase name="contextLoads" classname="com.weikai.SpringbootSsm03LoginApplicationTests" time="1.546">
    <system-out><![CDATA[19:52:21.438 [main] INFO org.springframework.test.context.support.AnnotationConfigContextLoaderUtils -- Could not detect default configuration classes for test class [com.weikai.SpringbootSsm03LoginApplicationTests]: SpringbootSsm03LoginApplicationTests does not declare any static, non-private, non-final, nested classes annotated with @Configuration.
19:52:21.591 [main] INFO org.springframework.boot.test.context.SpringBootTestContextBootstrapper -- Found @SpringBootConfiguration com.weikai.SpringbootSsm03LoginApplication for test class com.weikai.SpringbootSsm03LoginApplicationTests

  .   ____          _            __ _ _
 /\\ / ___'_ __ _ _(_)_ __  __ _ \ \ \ \
( ( )\___ | '_ | '_| | '_ \/ _` | \ \ \ \
 \\/  ___)| |_)| | | | | || (_| |  ) ) ) )
  '  |____| .__|_| |_|_| |_\__, | / / / /
 =========|_|==============|___/=/_/_/_/
 :: Spring Boot ::                (v3.1.7)

2023-12-27T19:52:22.282+08:00  INFO 20720 --- [           main] c.w.SpringbootSsm03LoginApplicationTests : Starting SpringbootSsm03LoginApplicationTests using Java 17.0.9 with PID 20720 (started by 28927 in D:\编程文件\Springboot2王鹤\springboot2.github.io\code\springboot-ssm03-login)
2023-12-27T19:52:22.284+08:00  INFO 20720 --- [           main] c.w.SpringbootSsm03LoginApplicationTests : No active profile set, falling back to 1 default profile: "default"
Logging initialized using 'class org.apache.ibatis.logging.stdout.StdOutImpl' adapter.
2023-12-27T19:52:24.973+08:00  INFO 20720 --- [           main] o.s.b.a.w.s.WelcomePageHandlerMapping    : Adding welcome page: class path resource [static/index.html]
2023-12-27T19:52:25.347+08:00  INFO 20720 --- [           main] c.w.SpringbootSsm03LoginApplicationTests : Started SpringbootSsm03LoginApplicationTests in 3.53 seconds (process running for 4.962)
]]></system-out>
  </testcase>
</testsuite>